<?xml version="1.0" encoding="UTF-8"?>
<!-- Generated by org.testng.reporters.JUnitReportReporter -->
<testsuite skipped="0" hostname="Lenovo-PC" name="unicodeTech.MyAccount.ValidateUser" tests="3" failures="0" timestamp="30 Mar 2018 10:36:20 GMT" time="19.806" errors="0">
  <testcase name="testValidateUser" time="7.887" classname="unicodeTech.MyAccount.ValidateUser"/>
  <testcase name="testValidateUser" time="6.119" classname="unicodeTech.MyAccount.ValidateUser"/>
  <testcase name="testValidateUser" time="5.800" classname="unicodeTech.MyAccount.ValidateUser"/>
</testsuite> <!-- unicodeTech.MyAccount.ValidateUser -->
