<?xml version="1.0" encoding="UTF-8"?>
<!-- Generated by org.testng.reporters.JUnitReportReporter -->
<testsuite skipped="0" hostname="Lenovo-PC" name="unicodeTech.RegressionTest.ManufacturerSelection" tests="1" failures="0" timestamp="30 Mar 2018 10:35:10 GMT" time="1.660" errors="0">
  <testcase name="testManufacturers" time="1.660" classname="unicodeTech.RegressionTest.ManufacturerSelection"/>
</testsuite> <!-- unicodeTech.RegressionTest.ManufacturerSelection -->
