<?xml version="1.0" encoding="UTF-8"?>
<!-- Generated by org.testng.reporters.JUnitReportReporter -->
<testsuite skipped="0" hostname="Lenovo-PC" name="unicodeTech.RegressionTest.BestSellerProducts" tests="1" failures="0" timestamp="30 Mar 2018 10:35:10 GMT" time="1.047" errors="0">
  <testcase name="testBestSellerProducts" time="1.047" classname="unicodeTech.RegressionTest.BestSellerProducts"/>
</testsuite> <!-- unicodeTech.RegressionTest.BestSellerProducts -->
