<?xml version="1.0" encoding="UTF-8"?>
<!-- Generated by org.testng.reporters.JUnitReportReporter -->
<testsuite skipped="0" hostname="Lenovo-PC" name="unicodeTech.MyAccount.ChangePassword" tests="1" failures="0" timestamp="30 Mar 2018 10:36:21 GMT" time="12.854" errors="0">
  <testcase name="testChangePwd" time="12.854" classname="unicodeTech.MyAccount.ChangePassword"/>
</testsuite> <!-- unicodeTech.MyAccount.ChangePassword -->
